<?xml version="1.0" encoding="UTF-8"?>
<coverage generated="1729709564041" clover="3.2.0">
  <project timestamp="1729709564041" name="All files">
    <metrics statements="20" coveredstatements="9" conditionals="6" coveredconditionals="4" methods="9" coveredmethods="3" elements="35" coveredelements="16" complexity="0" loc="20" ncloc="20" packages="2" files="2" classes="2"/>
    <package name="components">
      <metrics statements="6" coveredstatements="5" conditionals="0" coveredconditionals="0" methods="3" coveredmethods="2"/>
      <file name="InterviewerList.js" path="/home/labber/lighthouse/react/scheduler/src/components/InterviewerList.js">
        <metrics statements="6" coveredstatements="5" conditionals="0" coveredconditionals="0" methods="3" coveredmethods="2"/>
        <line num="11" count="3" type="stmt"/>
        <line num="16" count="5" type="stmt"/>
        <line num="17" count="5" type="stmt"/>
        <line num="18" count="5" type="stmt"/>
        <line num="25" count="0" type="stmt"/>
        <line num="32" count="5" type="stmt"/>
      </file>
    </package>
    <package name="components.Appointment">
      <metrics statements="14" coveredstatements="4" conditionals="6" coveredconditionals="4" methods="6" coveredmethods="1"/>
      <file name="Form.js" path="/home/labber/lighthouse/react/scheduler/src/components/Appointment/Form.js">
        <metrics statements="14" coveredstatements="4" conditionals="6" coveredconditionals="4" methods="6" coveredmethods="1"/>
        <line num="7" count="5" type="cond" truecount="2" falsecount="0"/>
        <line num="8" count="5" type="cond" truecount="2" falsecount="0"/>
        <line num="9" count="5" type="stmt"/>
        <line num="12" count="0" type="stmt"/>
        <line num="13" count="0" type="stmt"/>
        <line num="17" count="0" type="stmt"/>
        <line num="18" count="0" type="stmt"/>
        <line num="22" count="0" type="cond" truecount="0" falsecount="2"/>
        <line num="23" count="0" type="stmt"/>
        <line num="24" count="0" type="stmt"/>
        <line num="26" count="0" type="stmt"/>
        <line num="29" count="5" type="stmt"/>
        <line num="32" count="0" type="stmt"/>
        <line num="40" count="0" type="stmt"/>
      </file>
    </package>
  </project>
</coverage>
