TN:
SF:/home/labber/lighthouse/react/scheduler/src/components/InterviewerList.js
FN:15,InterviewerList
FN:17,(anonymous_1)
FN:25,(anonymous_2)
FNF:3
FNH:2
FNDA:5,InterviewerList
FNDA:5,(anonymous_1)
FNDA:0,(anonymous_2)
DA:11,3
DA:16,5
DA:17,5
DA:18,5
DA:25,0
DA:32,5
LF:6
LH:5
BRF:0
BRH:0
end_of_record
TN:
SF:/home/labber/lighthouse/react/scheduler/src/components/Appointment/Form.js
FN:6,Form
FN:11,reset
FN:16,cancel
FN:21,validate
FN:32,(anonymous_4)
FN:39,(anonymous_5)
FNF:6
FNH:1
FNDA:5,Form
FNDA:0,reset
FNDA:0,cancel
FNDA:0,validate
FNDA:0,(anonymous_4)
FNDA:0,(anonymous_5)
DA:7,5
DA:8,5
DA:9,5
DA:12,0
DA:13,0
DA:17,0
DA:18,0
DA:22,0
DA:23,0
DA:24,0
DA:26,0
DA:29,5
DA:32,0
DA:40,0
LF:14
LH:4
BRDA:7,0,0,5
BRDA:7,0,1,2
BRDA:8,1,0,5
BRDA:8,1,1,4
BRDA:22,2,0,0
BRDA:22,2,1,0
BRF:6
BRH:4
end_of_record
