TN:
SF:/home/labber/lighthouse/react/scheduler/src/components/Application.js
FN:13,Application
FN:20,(anonymous_1)
FNF:2
FNH:2
FNDA:13,Application
FNDA:16,(anonymous_1)
DA:15,13
DA:17,13
DA:19,13
DA:21,16
DA:34,13
LF:5
LH:5
BRF:0
BRH:0
end_of_record
TN:
SF:/home/labber/lighthouse/react/scheduler/src/components/Button.js
FN:7,Button
FNF:1
FNH:1
FNDA:37,Button
DA:8,37
DA:13,37
LF:2
LH:2
BRF:0
BRH:0
end_of_record
TN:
SF:/home/labber/lighthouse/react/scheduler/src/components/DayList.js
FN:5,DayList
FN:6,(anonymous_1)
FNF:2
FNH:2
FNDA:13,DayList
FNDA:16,(anonymous_1)
DA:6,13
DA:7,16
DA:18,13
LF:3
LH:3
BRF:0
BRH:0
end_of_record
TN:
SF:/home/labber/lighthouse/react/scheduler/src/components/DayListItem.js
FN:6,formatSpots
FN:13,DayListItem
FN:22,(anonymous_2)
FNF:3
FNH:2
FNDA:16,formatSpots
FNDA:16,DayListItem
FNDA:0,(anonymous_2)
DA:7,16
DA:8,14
DA:10,1
DA:14,16
DA:19,16
DA:22,0
LF:6
LH:5
BRDA:7,0,0,2
BRDA:7,0,1,14
BRDA:8,1,0,13
BRDA:8,1,1,1
BRF:4
BRH:4
end_of_record
TN:
SF:/home/labber/lighthouse/react/scheduler/src/components/InterviewerList.js
FN:15,InterviewerList
FN:17,(anonymous_1)
FN:25,(anonymous_2)
FNF:3
FNH:3
FNDA:16,InterviewerList
FNDA:25,(anonymous_1)
FNDA:3,(anonymous_2)
DA:11,3
DA:17,16
DA:18,25
DA:25,3
DA:32,16
LF:5
LH:5
BRF:0
BRH:0
end_of_record
TN:
SF:/home/labber/lighthouse/react/scheduler/src/components/InterviewerListItem.js
FN:6,InterviewerItem
FNF:1
FNH:1
FNDA:25,InterviewerItem
DA:7,25
DA:11,25
LF:2
LH:2
BRDA:18,0,0,25
BRDA:18,0,1,4
BRF:2
BRH:2
end_of_record
TN:
SF:/home/labber/lighthouse/react/scheduler/src/components/Appointment/Confirm.js
FN:5,Confirm
FNF:1
FNH:1
FNDA:2,Confirm
DA:6,2
LF:1
LH:1
BRF:0
BRH:0
end_of_record
TN:
SF:/home/labber/lighthouse/react/scheduler/src/components/Appointment/Empty.js
FN:3,Empty
FNF:1
FNH:1
FNDA:22,Empty
DA:4,22
LF:1
LH:1
BRF:0
BRH:0
end_of_record
TN:
SF:/home/labber/lighthouse/react/scheduler/src/components/Appointment/Error.js
FN:3,Error
FNF:1
FNH:1
FNDA:4,Error
DA:4,4
LF:1
LH:1
BRF:0
BRH:0
end_of_record
TN:
SF:/home/labber/lighthouse/react/scheduler/src/components/Appointment/Form.js
FN:6,Form
FN:11,reset
FN:16,cancel
FN:21,validate
FN:37,(anonymous_4)
FN:44,(anonymous_5)
FNF:6
FNH:3
FNDA:16,Form
FNDA:0,reset
FNDA:0,cancel
FNDA:6,validate
FNDA:0,(anonymous_4)
FNDA:3,(anonymous_5)
DA:7,16
DA:8,16
DA:9,16
DA:12,0
DA:13,0
DA:17,0
DA:18,0
DA:22,6
DA:23,1
DA:24,1
DA:26,5
DA:27,1
DA:28,1
DA:30,4
DA:31,4
DA:34,16
DA:37,0
DA:45,3
LF:18
LH:13
BRDA:7,0,0,16
BRDA:7,0,1,12
BRDA:8,1,0,16
BRDA:8,1,1,15
BRDA:22,2,0,1
BRDA:22,2,1,5
BRDA:26,3,0,1
BRDA:26,3,1,4
BRF:8
BRH:8
end_of_record
TN:
SF:/home/labber/lighthouse/react/scheduler/src/components/Appointment/Header.js
FN:3,Header
FNF:1
FNH:1
FNDA:50,Header
DA:4,50
LF:1
LH:1
BRF:0
BRH:0
end_of_record
TN:
SF:/home/labber/lighthouse/react/scheduler/src/components/Appointment/Show.js
FN:3,Show
FNF:1
FNH:1
FNDA:11,Show
DA:4,11
LF:1
LH:1
BRDA:11,0,0,11
BRDA:11,0,1,11
BRF:2
BRH:2
end_of_record
TN:
SF:/home/labber/lighthouse/react/scheduler/src/components/Appointment/Status.js
FN:3,Status
FNF:1
FNH:1
FNDA:8,Status
DA:4,8
LF:1
LH:1
BRF:0
BRH:0
end_of_record
TN:
SF:/home/labber/lighthouse/react/scheduler/src/components/Appointment/index.js
FN:22,Appointment
FN:27,save
FN:35,(anonymous_2)
FN:36,(anonymous_3)
FN:39,destroy
FN:43,(anonymous_5)
FN:44,(anonymous_6)
FN:50,(anonymous_7)
FN:55,(anonymous_8)
FN:56,(anonymous_9)
FNF:10
FNH:9
FNDA:50,Appointment
FNDA:3,save
FNDA:2,(anonymous_2)
FNDA:1,(anonymous_3)
FNDA:2,destroy
FNDA:1,(anonymous_5)
FNDA:1,(anonymous_6)
FNDA:3,(anonymous_7)
FNDA:2,(anonymous_8)
FNDA:0,(anonymous_9)
DA:12,2
DA:13,2
DA:14,2
DA:15,2
DA:16,2
DA:17,2
DA:18,2
DA:19,2
DA:20,2
DA:23,50
DA:28,3
DA:32,3
DA:33,3
DA:35,2
DA:36,1
DA:40,2
DA:41,2
DA:43,1
DA:44,1
DA:47,50
DA:50,3
DA:55,2
DA:56,0
LF:23
LH:22
BRDA:24,0,0,19
BRDA:24,0,1,31
BRDA:50,1,0,50
BRDA:50,1,1,22
BRDA:51,2,0,50
BRDA:51,2,1,11
BRDA:59,3,0,50
BRDA:59,3,1,3
BRDA:62,4,0,50
BRDA:62,4,1,0
BRDA:71,5,0,50
BRDA:71,5,1,5
BRDA:72,6,0,50
BRDA:72,6,1,3
BRDA:73,7,0,50
BRDA:73,7,1,2
BRDA:80,8,0,50
BRDA:80,8,1,2
BRDA:83,9,0,50
BRDA:83,9,1,2
BRF:20
BRH:19
end_of_record
TN:
SF:/home/labber/lighthouse/react/scheduler/src/helpers/selectors.js
FN:1,getAppointmentsForDay
FN:2,(anonymous_1)
FN:6,(anonymous_2)
FN:9,getInterviewersForDay
FN:10,(anonymous_4)
FN:14,(anonymous_5)
FN:17,getInterview
FNF:7
FNH:7
FNDA:18,getAppointmentsForDay
FNDA:14,(anonymous_1)
FNDA:24,(anonymous_2)
FNDA:18,getInterviewersForDay
FNDA:14,(anonymous_4)
FNDA:22,(anonymous_5)
FNDA:18,getInterview
DA:2,18
DA:4,18
DA:6,24
DA:10,18
DA:12,18
DA:14,22
DA:18,18
LF:7
LH:7
BRDA:4,0,0,7
BRDA:4,0,1,11
BRDA:4,1,0,18
BRDA:4,1,1,12
BRDA:12,2,0,7
BRDA:12,2,1,11
BRDA:12,3,0,18
BRDA:12,3,1,12
BRDA:19,4,0,18
BRDA:19,4,1,10
BRF:10
BRH:10
end_of_record
TN:
SF:/home/labber/lighthouse/react/scheduler/src/hooks/useApplicationData.js
FN:13,useApplicationData
FN:21,(anonymous_1)
FN:23,(anonymous_2)
FN:29,(anonymous_3)
FN:41,bookInterview
FN:42,(anonymous_5)
FN:51,cancelInterview
FN:52,(anonymous_7)
FNF:8
FNH:7
FNDA:13,useApplicationData
FNDA:0,(anonymous_1)
FNDA:5,(anonymous_2)
FNDA:5,(anonymous_3)
FNDA:3,bookInterview
FNDA:2,(anonymous_5)
FNDA:2,cancelInterview
FNDA:1,(anonymous_7)
DA:14,13
DA:21,13
DA:23,13
DA:24,5
DA:30,5
DA:39,13
DA:42,3
DA:43,2
DA:52,2
DA:53,1
DA:61,13
LF:11
LH:11
BRF:0
BRH:0
end_of_record
TN:
SF:/home/labber/lighthouse/react/scheduler/src/hooks/useRealtimeUpdate.js
FN:4,useRealtimeUpdate
FN:5,(anonymous_1)
FN:8,(anonymous_2)
FN:16,(anonymous_3)
FNF:4
FNH:3
FNDA:13,useRealtimeUpdate
FNDA:5,(anonymous_1)
FNDA:0,(anonymous_2)
FNDA:5,(anonymous_3)
DA:5,13
DA:6,5
DA:8,5
DA:9,0
DA:11,0
DA:12,0
DA:16,5
DA:17,5
LF:8
LH:5
BRDA:11,0,0,0
BRDA:11,0,1,0
BRDA:11,1,0,0
BRDA:11,1,1,0
BRF:4
BRH:0
end_of_record
TN:
SF:/home/labber/lighthouse/react/scheduler/src/hooks/useVisualMode.js
FN:3,useVisualMode
FN:16,transition
FN:18,(anonymous_2)
FN:43,back
FN:44,(anonymous_4)
FNF:5
FNH:5
FNDA:66,useVisualMode
FNDA:20,transition
FNDA:20,(anonymous_2)
FNDA:4,back
FNDA:4,(anonymous_4)
DA:5,66
DA:11,66
DA:17,20
DA:18,20
DA:19,20
DA:20,5
DA:22,15
DA:44,4
DA:45,4
DA:46,3
DA:47,3
DA:48,3
DA:50,1
DA:54,66
LF:14
LH:14
BRDA:16,0,0,15
BRDA:19,1,0,5
BRDA:19,1,1,15
BRDA:45,2,0,3
BRDA:45,2,1,1
BRF:5
BRH:5
end_of_record
TN:
SF:/home/labber/lighthouse/react/scheduler/src/reducers/application.js
FN:5,reducer
FN:27,(anonymous_1)
FN:30,(anonymous_2)
FN:34,(anonymous_3)
FNF:4
FNH:4
FNDA:9,reducer
FNDA:3,(anonymous_1)
FNDA:6,(anonymous_2)
FNDA:6,(anonymous_3)
DA:1,2
DA:2,2
DA:3,2
DA:6,9
DA:8,0
DA:10,5
DA:17,3
DA:22,3
DA:27,3
DA:28,3
DA:30,6
DA:34,3
DA:35,6
DA:43,3
DA:50,1
LF:15
LH:14
BRDA:6,0,0,0
BRDA:6,0,1,5
BRDA:6,0,2,3
BRDA:6,0,3,1
BRDA:19,1,0,3
BRDA:19,1,1,2
BRDA:30,2,0,4
BRDA:30,2,1,2
BRDA:35,3,0,3
BRDA:35,3,1,3
BRF:10
BRH:9
end_of_record
